c:\users\91229\documents\visual studio 2015\projects\wuziqi5\wuziqi5\debug\wuziqi5.pch
c:\users\91229\documents\visual studio 2015\projects\wuziqi5\wuziqi5\debug\vc140.pdb
c:\users\91229\documents\visual studio 2015\projects\wuziqi5\wuziqi5\debug\vc140.idb
c:\users\91229\documents\visual studio 2015\projects\wuziqi5\wuziqi5\debug\stdafx.obj
c:\users\91229\documents\visual studio 2015\projects\wuziqi5\wuziqi5\debug\wuziqi5.obj
c:\users\91229\documents\visual studio 2015\projects\wuziqi5\wuziqi5\debug\chessboard.obj
d:\wuziqi2020\wuziqi5\wuziqi5\debug\wuziqi5.pch
d:\wuziqi2020\wuziqi5\wuziqi5\debug\vc140.pdb
d:\wuziqi2020\wuziqi5\wuziqi5\debug\vc140.idb
d:\wuziqi2020\wuziqi5\wuziqi5\debug\stdafx.obj
d:\wuziqi2020\wuziqi5\wuziqi5\debug\wuziqi5.obj
d:\wuziqi2020\wuziqi5\wuziqi5\debug\chessboard.obj
c:\users\91229\documents\visual studio 2015\projects\wuziqi5\debug\wuziqi5.ilk
c:\users\91229\documents\visual studio 2015\projects\wuziqi5\debug\wuziqi5.exe
c:\users\91229\documents\visual studio 2015\projects\wuziqi5\debug\wuziqi5.pdb
d:\wuziqi2020\wuziqi5\debug\wuziqi5.ilk
d:\wuziqi2020\wuziqi5\debug\wuziqi5.exe
d:\wuziqi2020\wuziqi5\debug\wuziqi5.pdb
c:\users\91229\documents\visual studio 2015\projects\wuziqi5\wuziqi5\debug\wuziqi5.res
d:\wuziqi2020\wuziqi5\wuziqi5\debug\wuziqi5.res
d:\wuziqi2020\wuziqi5\wuziqi5\debug\wuziqi5.tlog\cl.command.1.tlog
d:\wuziqi2020\wuziqi5\wuziqi5\debug\wuziqi5.tlog\cl.read.1.tlog
d:\wuziqi2020\wuziqi5\wuziqi5\debug\wuziqi5.tlog\cl.write.1.tlog
d:\wuziqi2020\wuziqi5\wuziqi5\debug\wuziqi5.tlog\link.command.1.tlog
d:\wuziqi2020\wuziqi5\wuziqi5\debug\wuziqi5.tlog\link.read.1.tlog
d:\wuziqi2020\wuziqi5\wuziqi5\debug\wuziqi5.tlog\link.write.1.tlog
d:\wuziqi2020\wuziqi5\wuziqi5\debug\wuziqi5.tlog\rc.command.1.tlog
d:\wuziqi2020\wuziqi5\wuziqi5\debug\wuziqi5.tlog\rc.read.1.tlog
d:\wuziqi2020\wuziqi5\wuziqi5\debug\wuziqi5.tlog\rc.write.1.tlog
